10:41:01.197 debug: 8/19/2025, 10:41:01 AM
10:41:01.198 debug: Project: E:\Git\cocos\Monkeyria
10:41:01.198 debug: Targets: editor,preview
10:41:01.201 debug: Packer deriver version file lost or format incorrect: Error: ENOENT: no such file or directory, open 'E:\Git\cocos\Monkeyria\temp\programming\packer-driver\VERSION'
10:41:01.201 debug: Clearing out the targets...
10:41:01.203 debug: Engine path: C:\ProgramData\cocos\editors\Creator\3.8.7\resources\resources\3d\engine
10:41:01.214 debug: Initializing target [Editor]
10:41:01.215 debug: Loading cache
10:41:01.215 debug: No record files found: Error: ENOENT: no such file or directory, open 'E:\Git\cocos\Monkeyria\temp\programming\packer-driver\targets\editor\main-record.json'
10:41:01.216 debug: Loading cache costs 0.5796000000000276ms.
10:41:01.216 debug: Engine features shipped in editor: base,gfx-webgl,gfx-webgl2,gfx-empty,gfx-webgpu,3d,animation,skeletal-animation,2d,rich-text,mask,graphics,ui-skew,ui,affine-transform,sorting-2d,particle,particle-2d,physics-framework,physics-cannon,physics-physx,physics-ammo,physics-builtin,physics-2d-framework,physics-2d-box2d-jsb,physics-2d-box2d,physics-2d-builtin,physics-2d-box2d-wasm,intersection-2d,primitive,profiler,occlusion-query,geometry-renderer,debug-renderer,audio,video,xr,light-probe,terrain,webview,tween,tiled-map,vendor-google,spine-3.8,spine-4.2,dragon-bones,marionette,procedural-animation,custom-pipeline,custom-pipeline-builtin-scripts,custom-pipeline-post-process,legacy-pipeline,websocket,websocket-server,meshopt
10:41:01.216 debug: Our import map(foo:/bar): {
  "imports": {
    "cc": "cce:/internal/x/cc"
  }
}
10:41:01.216 debug: Initializing target [Preview]
10:41:01.217 debug: Loading cache
10:41:01.217 debug: No record files found: Error: ENOENT: no such file or directory, open 'E:\Git\cocos\Monkeyria\temp\programming\packer-driver\targets\preview\main-record.json'
10:41:01.217 debug: Loading cache costs 0.4094999999997526ms.
10:41:01.217 debug: Our import map(foo:/bar): {
  "imports": {
    "cc": "cce:/internal/x/cc"
  }
}
10:41:01.267 debug: Sync engine features: 2d,affine-transform,animation,audio,base,custom-pipeline,dragon-bones,gfx-webgl,gfx-webgl2,graphics,intersection-2d,mask,particle-2d,physics-2d-box2d,profiler,rich-text,spine-3.8,tiled-map,tween,ui,video,webview
10:41:01.270 debug: Reset databases. Enumerated domains: [
  {
    "root": "db://internal/",
    "physical": "C:\\ProgramData\\cocos\\editors\\Creator\\3.8.7\\resources\\resources\\3d\\engine\\editor\\assets"
  },
  {
    "root": "db://assets/",
    "physical": "E:\\Git\\cocos\\Monkeyria\\assets"
  }
]
10:41:01.271 debug: Our import map(foo:/bar): {
  "imports": {
    "cc": "cce:/internal/x/cc",
    "db://internal/": "file:///C:/ProgramData/cocos/editors/Creator/3.8.7/resources/resources/3d/engine/editor/assets/",
    "db://assets/": "file:///E:/Git/cocos/Monkeyria/assets/"
  }
}
10:41:01.271 debug: Our import map(foo:/bar): {
  "imports": {
    "cc": "cce:/internal/x/cc",
    "db://internal/": "file:///C:/ProgramData/cocos/editors/Creator/3.8.7/resources/resources/3d/engine/editor/assets/",
    "db://assets/": "file:///E:/Git/cocos/Monkeyria/assets/"
  }
}
10:41:01.272 debug: Pulling asset-db.
10:41:01.274 debug: Fetch asset-db cost: 2.26299999999992ms.
10:41:01.275 debug: Build iteration starts.
Number of accumulated asset changes: 0
Feature changed: false
10:41:01.276 debug: Target(editor) build started.
10:41:01.278 debug: QuickPack.build, lock file failed!, workspace: E:\Git\cocos\Monkeyria\temp\programming\packer-driver\targets\editor, err: Error: ENOENT: no such file or directory, lstat 'E:\Git\cocos\Monkeyria\temp\programming\packer-driver\targets\editor'
10:41:01.278 debug: Inspect cce:/internal/x/cc
10:41:01.331 debug: transform url: 'cce:/internal/x/cc' costs: 53.70 ms
10:41:01.333 debug: Resolve cce:/internal/x/cc-fu/base from cce:/internal/x/cc as external dependency cce:/internal/x/cc-fu/base.
10:41:01.333 debug: Resolve cce:/internal/x/cc-fu/gfx-webgl from cce:/internal/x/cc as external dependency cce:/internal/x/cc-fu/gfx-webgl.
10:41:01.333 debug: Resolve cce:/internal/x/cc-fu/gfx-webgl2 from cce:/internal/x/cc as external dependency cce:/internal/x/cc-fu/gfx-webgl2.
10:41:01.333 debug: Resolve cce:/internal/x/cc-fu/gfx-empty from cce:/internal/x/cc as external dependency cce:/internal/x/cc-fu/gfx-empty.
10:41:01.333 debug: Resolve cce:/internal/x/cc-fu/gfx-webgpu from cce:/internal/x/cc as external dependency cce:/internal/x/cc-fu/gfx-webgpu.
10:41:01.333 debug: Resolve cce:/internal/x/cc-fu/3d from cce:/internal/x/cc as external dependency cce:/internal/x/cc-fu/3d.
10:41:01.333 debug: Resolve cce:/internal/x/cc-fu/animation from cce:/internal/x/cc as external dependency cce:/internal/x/cc-fu/animation.
10:41:01.333 debug: Resolve cce:/internal/x/cc-fu/skeletal-animation from cce:/internal/x/cc as external dependency cce:/internal/x/cc-fu/skeletal-animation.
10:41:01.333 debug: Resolve cce:/internal/x/cc-fu/2d from cce:/internal/x/cc as external dependency cce:/internal/x/cc-fu/2d.
10:41:01.333 debug: Resolve cce:/internal/x/cc-fu/sorting from cce:/internal/x/cc as external dependency cce:/internal/x/cc-fu/sorting.
10:41:01.333 debug: Resolve cce:/internal/x/cc-fu/rich-text from cce:/internal/x/cc as external dependency cce:/internal/x/cc-fu/rich-text.
10:41:01.333 debug: Resolve cce:/internal/x/cc-fu/mask from cce:/internal/x/cc as external dependency cce:/internal/x/cc-fu/mask.
10:41:01.334 debug: Resolve cce:/internal/x/cc-fu/graphics from cce:/internal/x/cc as external dependency cce:/internal/x/cc-fu/graphics.
10:41:01.334 debug: Resolve cce:/internal/x/cc-fu/ui-skew from cce:/internal/x/cc as external dependency cce:/internal/x/cc-fu/ui-skew.
10:41:01.334 debug: Resolve cce:/internal/x/cc-fu/ui from cce:/internal/x/cc as external dependency cce:/internal/x/cc-fu/ui.
10:41:01.334 debug: Resolve cce:/internal/x/cc-fu/affine-transform from cce:/internal/x/cc as external dependency cce:/internal/x/cc-fu/affine-transform.
10:41:01.334 debug: Resolve cce:/internal/x/cc-fu/sorting-2d from cce:/internal/x/cc as external dependency cce:/internal/x/cc-fu/sorting-2d.
10:41:01.334 debug: Resolve cce:/internal/x/cc-fu/particle from cce:/internal/x/cc as external dependency cce:/internal/x/cc-fu/particle.
10:41:01.334 debug: Resolve cce:/internal/x/cc-fu/particle-2d from cce:/internal/x/cc as external dependency cce:/internal/x/cc-fu/particle-2d.
10:41:01.334 debug: Resolve cce:/internal/x/cc-fu/physics-framework from cce:/internal/x/cc as external dependency cce:/internal/x/cc-fu/physics-framework.
10:41:01.334 debug: Resolve cce:/internal/x/cc-fu/physics-cannon from cce:/internal/x/cc as external dependency cce:/internal/x/cc-fu/physics-cannon.
10:41:01.334 debug: Resolve cce:/internal/x/cc-fu/physics-physx from cce:/internal/x/cc as external dependency cce:/internal/x/cc-fu/physics-physx.
10:41:01.334 debug: Resolve cce:/internal/x/cc-fu/physics-ammo from cce:/internal/x/cc as external dependency cce:/internal/x/cc-fu/physics-ammo.
10:41:01.334 debug: Resolve cce:/internal/x/cc-fu/physics-builtin from cce:/internal/x/cc as external dependency cce:/internal/x/cc-fu/physics-builtin.
10:41:01.334 debug: Resolve cce:/internal/x/cc-fu/physics-2d-framework from cce:/internal/x/cc as external dependency cce:/internal/x/cc-fu/physics-2d-framework.
10:41:01.334 debug: Resolve cce:/internal/x/cc-fu/physics-2d-box2d-jsb from cce:/internal/x/cc as external dependency cce:/internal/x/cc-fu/physics-2d-box2d-jsb.
10:41:01.334 debug: Resolve cce:/internal/x/cc-fu/physics-2d-box2d from cce:/internal/x/cc as external dependency cce:/internal/x/cc-fu/physics-2d-box2d.
10:41:01.334 debug: Resolve cce:/internal/x/cc-fu/physics-2d-builtin from cce:/internal/x/cc as external dependency cce:/internal/x/cc-fu/physics-2d-builtin.
10:41:01.334 debug: Resolve cce:/internal/x/cc-fu/physics-2d-box2d-wasm from cce:/internal/x/cc as external dependency cce:/internal/x/cc-fu/physics-2d-box2d-wasm.
10:41:01.334 debug: Resolve cce:/internal/x/cc-fu/intersection-2d from cce:/internal/x/cc as external dependency cce:/internal/x/cc-fu/intersection-2d.
10:41:01.334 debug: Resolve cce:/internal/x/cc-fu/primitive from cce:/internal/x/cc as external dependency cce:/internal/x/cc-fu/primitive.
10:41:01.334 debug: Resolve cce:/internal/x/cc-fu/profiler from cce:/internal/x/cc as external dependency cce:/internal/x/cc-fu/profiler.
10:41:01.334 debug: Resolve cce:/internal/x/cc-fu/geometry-renderer from cce:/internal/x/cc as external dependency cce:/internal/x/cc-fu/geometry-renderer.
10:41:01.334 debug: Resolve cce:/internal/x/cc-fu/audio from cce:/internal/x/cc as external dependency cce:/internal/x/cc-fu/audio.
10:41:01.334 debug: Resolve cce:/internal/x/cc-fu/video from cce:/internal/x/cc as external dependency cce:/internal/x/cc-fu/video.
10:41:01.334 debug: Resolve cce:/internal/x/cc-fu/xr from cce:/internal/x/cc as external dependency cce:/internal/x/cc-fu/xr.
10:41:01.334 debug: Resolve cce:/internal/x/cc-fu/light-probe from cce:/internal/x/cc as external dependency cce:/internal/x/cc-fu/light-probe.
10:41:01.334 debug: Resolve cce:/internal/x/cc-fu/terrain from cce:/internal/x/cc as external dependency cce:/internal/x/cc-fu/terrain.
10:41:01.334 debug: Resolve cce:/internal/x/cc-fu/webview from cce:/internal/x/cc as external dependency cce:/internal/x/cc-fu/webview.
10:41:01.334 debug: Resolve cce:/internal/x/cc-fu/tween from cce:/internal/x/cc as external dependency cce:/internal/x/cc-fu/tween.
10:41:01.334 debug: Resolve cce:/internal/x/cc-fu/tiled-map from cce:/internal/x/cc as external dependency cce:/internal/x/cc-fu/tiled-map.
10:41:01.334 debug: Resolve cce:/internal/x/cc-fu/vendor-google from cce:/internal/x/cc as external dependency cce:/internal/x/cc-fu/vendor-google.
10:41:01.334 debug: Resolve cce:/internal/x/cc-fu/spine from cce:/internal/x/cc as external dependency cce:/internal/x/cc-fu/spine.
10:41:01.334 debug: Resolve cce:/internal/x/cc-fu/dragon-bones from cce:/internal/x/cc as external dependency cce:/internal/x/cc-fu/dragon-bones.
10:41:01.334 debug: Resolve cce:/internal/x/cc-fu/custom-pipeline from cce:/internal/x/cc as external dependency cce:/internal/x/cc-fu/custom-pipeline.
10:41:01.334 debug: Resolve cce:/internal/x/cc-fu/custom-pipeline-post-process from cce:/internal/x/cc as external dependency cce:/internal/x/cc-fu/custom-pipeline-post-process.
10:41:01.334 debug: Resolve cce:/internal/x/cc-fu/legacy-pipeline from cce:/internal/x/cc as external dependency cce:/internal/x/cc-fu/legacy-pipeline.
10:41:01.335 debug: Inspect cce:/internal/x/prerequisite-imports
10:41:01.347 debug: transform url: 'cce:/internal/x/prerequisite-imports' costs: 12.70 ms
10:41:01.352 debug: Target(editor) ends with cost 75.96879999999965ms.
10:41:01.352 debug: Target(preview) build started.
10:41:01.354 debug: QuickPack.build, lock file failed!, workspace: E:\Git\cocos\Monkeyria\temp\programming\packer-driver\targets\preview, err: Error: ENOENT: no such file or directory, lstat 'E:\Git\cocos\Monkeyria\temp\programming\packer-driver\targets\preview'
10:41:01.354 debug: Inspect cce:/internal/x/cc
10:41:01.379 debug: transform url: 'cce:/internal/x/cc' costs: 25.00 ms
10:41:01.380 debug: Resolve cce:/internal/x/cc-fu/2d from cce:/internal/x/cc as external dependency cce:/internal/x/cc-fu/2d.
10:41:01.380 debug: Resolve cce:/internal/x/cc-fu/sorting from cce:/internal/x/cc as external dependency cce:/internal/x/cc-fu/sorting.
10:41:01.380 debug: Resolve cce:/internal/x/cc-fu/affine-transform from cce:/internal/x/cc as external dependency cce:/internal/x/cc-fu/affine-transform.
10:41:01.380 debug: Resolve cce:/internal/x/cc-fu/animation from cce:/internal/x/cc as external dependency cce:/internal/x/cc-fu/animation.
10:41:01.380 debug: Resolve cce:/internal/x/cc-fu/audio from cce:/internal/x/cc as external dependency cce:/internal/x/cc-fu/audio.
10:41:01.381 debug: Resolve cce:/internal/x/cc-fu/base from cce:/internal/x/cc as external dependency cce:/internal/x/cc-fu/base.
10:41:01.381 debug: Resolve cce:/internal/x/cc-fu/custom-pipeline from cce:/internal/x/cc as external dependency cce:/internal/x/cc-fu/custom-pipeline.
10:41:01.381 debug: Resolve cce:/internal/x/cc-fu/dragon-bones from cce:/internal/x/cc as external dependency cce:/internal/x/cc-fu/dragon-bones.
10:41:01.381 debug: Resolve cce:/internal/x/cc-fu/gfx-webgl from cce:/internal/x/cc as external dependency cce:/internal/x/cc-fu/gfx-webgl.
10:41:01.381 debug: Resolve cce:/internal/x/cc-fu/gfx-webgl2 from cce:/internal/x/cc as external dependency cce:/internal/x/cc-fu/gfx-webgl2.
10:41:01.381 debug: Resolve cce:/internal/x/cc-fu/graphics from cce:/internal/x/cc as external dependency cce:/internal/x/cc-fu/graphics.
10:41:01.381 debug: Resolve cce:/internal/x/cc-fu/intersection-2d from cce:/internal/x/cc as external dependency cce:/internal/x/cc-fu/intersection-2d.
10:41:01.381 debug: Resolve cce:/internal/x/cc-fu/mask from cce:/internal/x/cc as external dependency cce:/internal/x/cc-fu/mask.
10:41:01.381 debug: Resolve cce:/internal/x/cc-fu/particle-2d from cce:/internal/x/cc as external dependency cce:/internal/x/cc-fu/particle-2d.
10:41:01.381 debug: Resolve cce:/internal/x/cc-fu/physics-2d-box2d from cce:/internal/x/cc as external dependency cce:/internal/x/cc-fu/physics-2d-box2d.
10:41:01.381 debug: Resolve cce:/internal/x/cc-fu/physics-2d-framework from cce:/internal/x/cc as external dependency cce:/internal/x/cc-fu/physics-2d-framework.
10:41:01.381 debug: Resolve cce:/internal/x/cc-fu/profiler from cce:/internal/x/cc as external dependency cce:/internal/x/cc-fu/profiler.
10:41:01.381 debug: Resolve cce:/internal/x/cc-fu/rich-text from cce:/internal/x/cc as external dependency cce:/internal/x/cc-fu/rich-text.
10:41:01.381 debug: Resolve cce:/internal/x/cc-fu/spine from cce:/internal/x/cc as external dependency cce:/internal/x/cc-fu/spine.
10:41:01.381 debug: Resolve cce:/internal/x/cc-fu/tiled-map from cce:/internal/x/cc as external dependency cce:/internal/x/cc-fu/tiled-map.
10:41:01.381 debug: Resolve cce:/internal/x/cc-fu/tween from cce:/internal/x/cc as external dependency cce:/internal/x/cc-fu/tween.
10:41:01.381 debug: Resolve cce:/internal/x/cc-fu/ui from cce:/internal/x/cc as external dependency cce:/internal/x/cc-fu/ui.
10:41:01.381 debug: Resolve cce:/internal/x/cc-fu/video from cce:/internal/x/cc as external dependency cce:/internal/x/cc-fu/video.
10:41:01.381 debug: Resolve cce:/internal/x/cc-fu/webview from cce:/internal/x/cc as external dependency cce:/internal/x/cc-fu/webview.
10:41:01.381 debug: Inspect cce:/internal/x/prerequisite-imports
10:41:01.391 debug: transform url: 'cce:/internal/x/prerequisite-imports' costs: 10.20 ms
10:41:01.394 debug: Target(preview) ends with cost 42.55230000000029ms.
10:41:18.449 debug: Pulling asset-db.
10:41:19.015 debug: Fetch asset-db cost: 565.6883000000016ms.
10:41:19.016 debug: Build iteration starts.
Number of accumulated asset changes: 6
Feature changed: false
10:41:19.017 debug: Target(editor) build started.
10:41:19.021 debug: Detected change: cce:/internal/x/prerequisite-imports. Last mtime: Thu Jan 01 1970 07:00:06 GMT+0700 (Indochina Time), Current mtime: Thu Jan 01 1970 07:00:23 GMT+0700 (Indochina Time)
10:41:19.022 debug: Inspect cce:/internal/x/prerequisite-imports
10:41:19.034 debug: transform url: 'cce:/internal/x/prerequisite-imports' costs: 12.60 ms
10:41:19.036 debug: Resolve file:///C:/ProgramData/cocos/editors/Creator/3.8.7/resources/resources/3d/engine/editor/assets/default_renderpipeline/builtin-dof-pass.ts from cce:/internal/x/prerequisite-imports as file:///C:/ProgramData/cocos/editors/Creator/3.8.7/resources/resources/3d/engine/editor/assets/default_renderpipeline/builtin-dof-pass.ts.
10:41:19.036 debug: Inspect file:///C:/ProgramData/cocos/editors/Creator/3.8.7/resources/resources/3d/engine/editor/assets/default_renderpipeline/builtin-dof-pass.ts
10:41:19.146 debug: transform url: 'file:///C:/ProgramData/cocos/editors/Creator/3.8.7/resources/resources/3d/engine/editor/assets/default_renderpipeline/builtin-dof-pass.ts' costs: 109.70 ms
10:41:19.148 debug: Resolve file:///C:/ProgramData/cocos/editors/Creator/3.8.7/resources/resources/3d/engine/editor/assets/default_renderpipeline/builtin-pipeline-pass.ts from cce:/internal/x/prerequisite-imports as file:///C:/ProgramData/cocos/editors/Creator/3.8.7/resources/resources/3d/engine/editor/assets/default_renderpipeline/builtin-pipeline-pass.ts.
10:41:19.148 debug: Inspect file:///C:/ProgramData/cocos/editors/Creator/3.8.7/resources/resources/3d/engine/editor/assets/default_renderpipeline/builtin-pipeline-pass.ts
10:41:19.175 debug: transform url: 'file:///C:/ProgramData/cocos/editors/Creator/3.8.7/resources/resources/3d/engine/editor/assets/default_renderpipeline/builtin-pipeline-pass.ts' costs: 26.30 ms
10:41:19.177 debug: Resolve file:///C:/ProgramData/cocos/editors/Creator/3.8.7/resources/resources/3d/engine/editor/assets/default_renderpipeline/builtin-pipeline-settings.ts from cce:/internal/x/prerequisite-imports as file:///C:/ProgramData/cocos/editors/Creator/3.8.7/resources/resources/3d/engine/editor/assets/default_renderpipeline/builtin-pipeline-settings.ts.
10:41:19.177 debug: Inspect file:///C:/ProgramData/cocos/editors/Creator/3.8.7/resources/resources/3d/engine/editor/assets/default_renderpipeline/builtin-pipeline-settings.ts
10:41:19.291 debug: transform url: 'file:///C:/ProgramData/cocos/editors/Creator/3.8.7/resources/resources/3d/engine/editor/assets/default_renderpipeline/builtin-pipeline-settings.ts' costs: 114.20 ms
10:41:19.294 debug: Resolve file:///C:/ProgramData/cocos/editors/Creator/3.8.7/resources/resources/3d/engine/editor/assets/default_renderpipeline/builtin-pipeline-types.ts from cce:/internal/x/prerequisite-imports as file:///C:/ProgramData/cocos/editors/Creator/3.8.7/resources/resources/3d/engine/editor/assets/default_renderpipeline/builtin-pipeline-types.ts.
10:41:19.294 debug: Inspect file:///C:/ProgramData/cocos/editors/Creator/3.8.7/resources/resources/3d/engine/editor/assets/default_renderpipeline/builtin-pipeline-types.ts
10:41:19.349 debug: transform url: 'file:///C:/ProgramData/cocos/editors/Creator/3.8.7/resources/resources/3d/engine/editor/assets/default_renderpipeline/builtin-pipeline-types.ts' costs: 54.80 ms
10:41:19.352 debug: Resolve file:///C:/ProgramData/cocos/editors/Creator/3.8.7/resources/resources/3d/engine/editor/assets/default_renderpipeline/builtin-pipeline.ts from cce:/internal/x/prerequisite-imports as file:///C:/ProgramData/cocos/editors/Creator/3.8.7/resources/resources/3d/engine/editor/assets/default_renderpipeline/builtin-pipeline.ts.
10:41:19.352 debug: Inspect file:///C:/ProgramData/cocos/editors/Creator/3.8.7/resources/resources/3d/engine/editor/assets/default_renderpipeline/builtin-pipeline.ts
10:41:19.668 debug: transform url: 'file:///C:/ProgramData/cocos/editors/Creator/3.8.7/resources/resources/3d/engine/editor/assets/default_renderpipeline/builtin-pipeline.ts' costs: 315.80 ms
10:41:19.673 debug: Resolve file:///C:/ProgramData/cocos/editors/Creator/3.8.7/resources/resources/3d/engine/editor/assets/tools/debug-view-runtime-control.ts from cce:/internal/x/prerequisite-imports as file:///C:/ProgramData/cocos/editors/Creator/3.8.7/resources/resources/3d/engine/editor/assets/tools/debug-view-runtime-control.ts.
10:41:19.673 debug: Inspect file:///C:/ProgramData/cocos/editors/Creator/3.8.7/resources/resources/3d/engine/editor/assets/tools/debug-view-runtime-control.ts
10:41:19.736 debug: transform url: 'file:///C:/ProgramData/cocos/editors/Creator/3.8.7/resources/resources/3d/engine/editor/assets/tools/debug-view-runtime-control.ts' costs: 62.90 ms
10:41:19.738 debug: Resolve cce:/internal/code-quality/cr.mjs from file:///C:/ProgramData/cocos/editors/Creator/3.8.7/resources/resources/3d/engine/editor/assets/default_renderpipeline/builtin-dof-pass.ts as cce:/internal/code-quality/cr.mjs.
10:41:19.738 debug: Inspect cce:/internal/code-quality/cr.mjs
10:41:19.745 debug: transform url: 'cce:/internal/code-quality/cr.mjs' costs: 7.20 ms
10:41:19.747 debug: Resolve cc from file:///C:/ProgramData/cocos/editors/Creator/3.8.7/resources/resources/3d/engine/editor/assets/default_renderpipeline/builtin-dof-pass.ts as cce:/internal/x/cc.
10:41:19.747 debug: Resolve cc from file:///C:/ProgramData/cocos/editors/Creator/3.8.7/resources/resources/3d/engine/editor/assets/default_renderpipeline/builtin-dof-pass.ts as cce:/internal/x/cc.
10:41:19.747 debug: Resolve cc from file:///C:/ProgramData/cocos/editors/Creator/3.8.7/resources/resources/3d/engine/editor/assets/default_renderpipeline/builtin-dof-pass.ts as cce:/internal/x/cc.
10:41:19.747 debug: Resolve cc/env from file:///C:/ProgramData/cocos/editors/Creator/3.8.7/resources/resources/3d/engine/editor/assets/default_renderpipeline/builtin-dof-pass.ts as external dependency cc/env.
10:41:19.748 debug: Resolve ./builtin-pipeline-settings from file:///C:/ProgramData/cocos/editors/Creator/3.8.7/resources/resources/3d/engine/editor/assets/default_renderpipeline/builtin-dof-pass.ts as file:///C:/ProgramData/cocos/editors/Creator/3.8.7/resources/resources/3d/engine/editor/assets/default_renderpipeline/builtin-pipeline-settings.ts.
10:41:19.748 debug: Resolve ./builtin-pipeline-pass from file:///C:/ProgramData/cocos/editors/Creator/3.8.7/resources/resources/3d/engine/editor/assets/default_renderpipeline/builtin-dof-pass.ts as file:///C:/ProgramData/cocos/editors/Creator/3.8.7/resources/resources/3d/engine/editor/assets/default_renderpipeline/builtin-pipeline-pass.ts.
10:41:19.749 debug: Resolve ./builtin-pipeline from file:///C:/ProgramData/cocos/editors/Creator/3.8.7/resources/resources/3d/engine/editor/assets/default_renderpipeline/builtin-dof-pass.ts as file:///C:/ProgramData/cocos/editors/Creator/3.8.7/resources/resources/3d/engine/editor/assets/default_renderpipeline/builtin-pipeline.ts.
10:41:19.749 debug: Resolve cce:/internal/code-quality/cr.mjs from file:///C:/ProgramData/cocos/editors/Creator/3.8.7/resources/resources/3d/engine/editor/assets/default_renderpipeline/builtin-pipeline-settings.ts as cce:/internal/code-quality/cr.mjs.
10:41:19.749 debug: Resolve cc from file:///C:/ProgramData/cocos/editors/Creator/3.8.7/resources/resources/3d/engine/editor/assets/default_renderpipeline/builtin-pipeline-settings.ts as cce:/internal/x/cc.
10:41:19.749 debug: Resolve cc from file:///C:/ProgramData/cocos/editors/Creator/3.8.7/resources/resources/3d/engine/editor/assets/default_renderpipeline/builtin-pipeline-settings.ts as cce:/internal/x/cc.
10:41:19.749 debug: Resolve cc from file:///C:/ProgramData/cocos/editors/Creator/3.8.7/resources/resources/3d/engine/editor/assets/default_renderpipeline/builtin-pipeline-settings.ts as cce:/internal/x/cc.
10:41:19.749 debug: Resolve cc/env from file:///C:/ProgramData/cocos/editors/Creator/3.8.7/resources/resources/3d/engine/editor/assets/default_renderpipeline/builtin-pipeline-settings.ts as external dependency cc/env.
10:41:19.750 debug: Resolve ./builtin-pipeline-types from file:///C:/ProgramData/cocos/editors/Creator/3.8.7/resources/resources/3d/engine/editor/assets/default_renderpipeline/builtin-pipeline-settings.ts as file:///C:/ProgramData/cocos/editors/Creator/3.8.7/resources/resources/3d/engine/editor/assets/default_renderpipeline/builtin-pipeline-types.ts.
10:41:19.750 debug: Resolve cc from file:///C:/ProgramData/cocos/editors/Creator/3.8.7/resources/resources/3d/engine/editor/assets/default_renderpipeline/builtin-pipeline-types.ts as cce:/internal/x/cc.
10:41:19.750 debug: Resolve cc from file:///C:/ProgramData/cocos/editors/Creator/3.8.7/resources/resources/3d/engine/editor/assets/default_renderpipeline/builtin-pipeline-types.ts as cce:/internal/x/cc.
10:41:19.750 debug: Resolve cc from file:///C:/ProgramData/cocos/editors/Creator/3.8.7/resources/resources/3d/engine/editor/assets/default_renderpipeline/builtin-pipeline-types.ts as cce:/internal/x/cc.
10:41:19.750 debug: Resolve cce:/internal/code-quality/cr.mjs from file:///C:/ProgramData/cocos/editors/Creator/3.8.7/resources/resources/3d/engine/editor/assets/default_renderpipeline/builtin-pipeline-pass.ts as cce:/internal/code-quality/cr.mjs.
10:41:19.750 debug: Resolve cc from file:///C:/ProgramData/cocos/editors/Creator/3.8.7/resources/resources/3d/engine/editor/assets/default_renderpipeline/builtin-pipeline-pass.ts as cce:/internal/x/cc.
10:41:19.750 debug: Resolve cc from file:///C:/ProgramData/cocos/editors/Creator/3.8.7/resources/resources/3d/engine/editor/assets/default_renderpipeline/builtin-pipeline-pass.ts as cce:/internal/x/cc.
10:41:19.750 debug: Resolve cc from file:///C:/ProgramData/cocos/editors/Creator/3.8.7/resources/resources/3d/engine/editor/assets/default_renderpipeline/builtin-pipeline-pass.ts as cce:/internal/x/cc.
10:41:19.751 debug: Resolve ./builtin-pipeline-settings from file:///C:/ProgramData/cocos/editors/Creator/3.8.7/resources/resources/3d/engine/editor/assets/default_renderpipeline/builtin-pipeline-pass.ts as file:///C:/ProgramData/cocos/editors/Creator/3.8.7/resources/resources/3d/engine/editor/assets/default_renderpipeline/builtin-pipeline-settings.ts.
10:41:19.751 debug: Resolve cc/env from file:///C:/ProgramData/cocos/editors/Creator/3.8.7/resources/resources/3d/engine/editor/assets/default_renderpipeline/builtin-pipeline-pass.ts as external dependency cc/env.
10:41:19.751 debug: Resolve cce:/internal/code-quality/cr.mjs from file:///C:/ProgramData/cocos/editors/Creator/3.8.7/resources/resources/3d/engine/editor/assets/default_renderpipeline/builtin-pipeline.ts as cce:/internal/code-quality/cr.mjs.
10:41:19.751 debug: Resolve cc from file:///C:/ProgramData/cocos/editors/Creator/3.8.7/resources/resources/3d/engine/editor/assets/default_renderpipeline/builtin-pipeline.ts as cce:/internal/x/cc.
10:41:19.751 debug: Resolve cc from file:///C:/ProgramData/cocos/editors/Creator/3.8.7/resources/resources/3d/engine/editor/assets/default_renderpipeline/builtin-pipeline.ts as cce:/internal/x/cc.
10:41:19.751 debug: Resolve cc from file:///C:/ProgramData/cocos/editors/Creator/3.8.7/resources/resources/3d/engine/editor/assets/default_renderpipeline/builtin-pipeline.ts as cce:/internal/x/cc.
10:41:19.751 debug: Resolve cc/env from file:///C:/ProgramData/cocos/editors/Creator/3.8.7/resources/resources/3d/engine/editor/assets/default_renderpipeline/builtin-pipeline.ts as external dependency cc/env.
10:41:19.752 debug: Resolve ./builtin-pipeline-types from file:///C:/ProgramData/cocos/editors/Creator/3.8.7/resources/resources/3d/engine/editor/assets/default_renderpipeline/builtin-pipeline.ts as file:///C:/ProgramData/cocos/editors/Creator/3.8.7/resources/resources/3d/engine/editor/assets/default_renderpipeline/builtin-pipeline-types.ts.
10:41:19.752 debug: Resolve cc from file:///C:/ProgramData/cocos/editors/Creator/3.8.7/resources/resources/3d/engine/editor/assets/tools/debug-view-runtime-control.ts as cce:/internal/x/cc.
10:41:19.752 debug: Resolve cc from file:///C:/ProgramData/cocos/editors/Creator/3.8.7/resources/resources/3d/engine/editor/assets/tools/debug-view-runtime-control.ts as cce:/internal/x/cc.
10:41:19.752 debug: Resolve cc from file:///C:/ProgramData/cocos/editors/Creator/3.8.7/resources/resources/3d/engine/editor/assets/tools/debug-view-runtime-control.ts as cce:/internal/x/cc.
10:41:19.760 debug: Target(editor) ends with cost 742.5885999999991ms.
10:41:19.761 debug: Target(preview) build started.
10:41:19.763 debug: Detected change: cce:/internal/x/prerequisite-imports. Last mtime: Thu Jan 01 1970 07:00:06 GMT+0700 (Indochina Time), Current mtime: Thu Jan 01 1970 07:00:24 GMT+0700 (Indochina Time)
10:41:19.763 debug: Inspect cce:/internal/x/prerequisite-imports
10:41:19.776 debug: transform url: 'cce:/internal/x/prerequisite-imports' costs: 13.60 ms
10:41:19.778 debug: Resolve file:///C:/ProgramData/cocos/editors/Creator/3.8.7/resources/resources/3d/engine/editor/assets/default_renderpipeline/builtin-dof-pass.ts from cce:/internal/x/prerequisite-imports as file:///C:/ProgramData/cocos/editors/Creator/3.8.7/resources/resources/3d/engine/editor/assets/default_renderpipeline/builtin-dof-pass.ts.
10:41:19.778 debug: Inspect file:///C:/ProgramData/cocos/editors/Creator/3.8.7/resources/resources/3d/engine/editor/assets/default_renderpipeline/builtin-dof-pass.ts
10:41:19.864 debug: transform url: 'file:///C:/ProgramData/cocos/editors/Creator/3.8.7/resources/resources/3d/engine/editor/assets/default_renderpipeline/builtin-dof-pass.ts' costs: 86.00 ms
10:41:19.867 debug: Resolve file:///C:/ProgramData/cocos/editors/Creator/3.8.7/resources/resources/3d/engine/editor/assets/default_renderpipeline/builtin-pipeline-pass.ts from cce:/internal/x/prerequisite-imports as file:///C:/ProgramData/cocos/editors/Creator/3.8.7/resources/resources/3d/engine/editor/assets/default_renderpipeline/builtin-pipeline-pass.ts.
10:41:19.867 debug: Inspect file:///C:/ProgramData/cocos/editors/Creator/3.8.7/resources/resources/3d/engine/editor/assets/default_renderpipeline/builtin-pipeline-pass.ts
10:41:19.897 debug: transform url: 'file:///C:/ProgramData/cocos/editors/Creator/3.8.7/resources/resources/3d/engine/editor/assets/default_renderpipeline/builtin-pipeline-pass.ts' costs: 30.40 ms
10:41:19.900 debug: Resolve file:///C:/ProgramData/cocos/editors/Creator/3.8.7/resources/resources/3d/engine/editor/assets/default_renderpipeline/builtin-pipeline-settings.ts from cce:/internal/x/prerequisite-imports as file:///C:/ProgramData/cocos/editors/Creator/3.8.7/resources/resources/3d/engine/editor/assets/default_renderpipeline/builtin-pipeline-settings.ts.
10:41:19.900 debug: Inspect file:///C:/ProgramData/cocos/editors/Creator/3.8.7/resources/resources/3d/engine/editor/assets/default_renderpipeline/builtin-pipeline-settings.ts
10:41:20.015 debug: transform url: 'file:///C:/ProgramData/cocos/editors/Creator/3.8.7/resources/resources/3d/engine/editor/assets/default_renderpipeline/builtin-pipeline-settings.ts' costs: 115.60 ms
10:41:20.019 debug: Resolve file:///C:/ProgramData/cocos/editors/Creator/3.8.7/resources/resources/3d/engine/editor/assets/default_renderpipeline/builtin-pipeline-types.ts from cce:/internal/x/prerequisite-imports as file:///C:/ProgramData/cocos/editors/Creator/3.8.7/resources/resources/3d/engine/editor/assets/default_renderpipeline/builtin-pipeline-types.ts.
10:41:20.019 debug: Inspect file:///C:/ProgramData/cocos/editors/Creator/3.8.7/resources/resources/3d/engine/editor/assets/default_renderpipeline/builtin-pipeline-types.ts
10:41:20.098 debug: transform url: 'file:///C:/ProgramData/cocos/editors/Creator/3.8.7/resources/resources/3d/engine/editor/assets/default_renderpipeline/builtin-pipeline-types.ts' costs: 79.50 ms
10:41:20.101 debug: Resolve file:///C:/ProgramData/cocos/editors/Creator/3.8.7/resources/resources/3d/engine/editor/assets/default_renderpipeline/builtin-pipeline.ts from cce:/internal/x/prerequisite-imports as file:///C:/ProgramData/cocos/editors/Creator/3.8.7/resources/resources/3d/engine/editor/assets/default_renderpipeline/builtin-pipeline.ts.
10:41:20.101 debug: Inspect file:///C:/ProgramData/cocos/editors/Creator/3.8.7/resources/resources/3d/engine/editor/assets/default_renderpipeline/builtin-pipeline.ts
10:41:20.460 debug: transform url: 'file:///C:/ProgramData/cocos/editors/Creator/3.8.7/resources/resources/3d/engine/editor/assets/default_renderpipeline/builtin-pipeline.ts' costs: 358.90 ms
10:41:20.465 debug: Resolve file:///C:/ProgramData/cocos/editors/Creator/3.8.7/resources/resources/3d/engine/editor/assets/tools/debug-view-runtime-control.ts from cce:/internal/x/prerequisite-imports as file:///C:/ProgramData/cocos/editors/Creator/3.8.7/resources/resources/3d/engine/editor/assets/tools/debug-view-runtime-control.ts.
10:41:20.466 debug: Inspect file:///C:/ProgramData/cocos/editors/Creator/3.8.7/resources/resources/3d/engine/editor/assets/tools/debug-view-runtime-control.ts
10:41:20.560 debug: transform url: 'file:///C:/ProgramData/cocos/editors/Creator/3.8.7/resources/resources/3d/engine/editor/assets/tools/debug-view-runtime-control.ts' costs: 94.20 ms
10:41:20.562 debug: Resolve cce:/internal/code-quality/cr.mjs from file:///C:/ProgramData/cocos/editors/Creator/3.8.7/resources/resources/3d/engine/editor/assets/default_renderpipeline/builtin-dof-pass.ts as cce:/internal/code-quality/cr.mjs.
10:41:20.562 debug: Inspect cce:/internal/code-quality/cr.mjs
10:41:20.572 debug: transform url: 'cce:/internal/code-quality/cr.mjs' costs: 10.50 ms
10:41:20.574 debug: Resolve cc from file:///C:/ProgramData/cocos/editors/Creator/3.8.7/resources/resources/3d/engine/editor/assets/default_renderpipeline/builtin-dof-pass.ts as cce:/internal/x/cc.
10:41:20.574 debug: Resolve cc from file:///C:/ProgramData/cocos/editors/Creator/3.8.7/resources/resources/3d/engine/editor/assets/default_renderpipeline/builtin-dof-pass.ts as cce:/internal/x/cc.
10:41:20.574 debug: Resolve cc from file:///C:/ProgramData/cocos/editors/Creator/3.8.7/resources/resources/3d/engine/editor/assets/default_renderpipeline/builtin-dof-pass.ts as cce:/internal/x/cc.
10:41:20.574 debug: Resolve cc/env from file:///C:/ProgramData/cocos/editors/Creator/3.8.7/resources/resources/3d/engine/editor/assets/default_renderpipeline/builtin-dof-pass.ts as external dependency cc/env.
10:41:20.575 debug: Resolve ./builtin-pipeline-settings from file:///C:/ProgramData/cocos/editors/Creator/3.8.7/resources/resources/3d/engine/editor/assets/default_renderpipeline/builtin-dof-pass.ts as file:///C:/ProgramData/cocos/editors/Creator/3.8.7/resources/resources/3d/engine/editor/assets/default_renderpipeline/builtin-pipeline-settings.ts.
10:41:20.576 debug: Resolve ./builtin-pipeline-pass from file:///C:/ProgramData/cocos/editors/Creator/3.8.7/resources/resources/3d/engine/editor/assets/default_renderpipeline/builtin-dof-pass.ts as file:///C:/ProgramData/cocos/editors/Creator/3.8.7/resources/resources/3d/engine/editor/assets/default_renderpipeline/builtin-pipeline-pass.ts.
10:41:20.576 debug: Resolve ./builtin-pipeline from file:///C:/ProgramData/cocos/editors/Creator/3.8.7/resources/resources/3d/engine/editor/assets/default_renderpipeline/builtin-dof-pass.ts as file:///C:/ProgramData/cocos/editors/Creator/3.8.7/resources/resources/3d/engine/editor/assets/default_renderpipeline/builtin-pipeline.ts.
10:41:20.576 debug: Resolve cce:/internal/code-quality/cr.mjs from file:///C:/ProgramData/cocos/editors/Creator/3.8.7/resources/resources/3d/engine/editor/assets/default_renderpipeline/builtin-pipeline-settings.ts as cce:/internal/code-quality/cr.mjs.
10:41:20.576 debug: Resolve cc from file:///C:/ProgramData/cocos/editors/Creator/3.8.7/resources/resources/3d/engine/editor/assets/default_renderpipeline/builtin-pipeline-settings.ts as cce:/internal/x/cc.
10:41:20.576 debug: Resolve cc from file:///C:/ProgramData/cocos/editors/Creator/3.8.7/resources/resources/3d/engine/editor/assets/default_renderpipeline/builtin-pipeline-settings.ts as cce:/internal/x/cc.
10:41:20.576 debug: Resolve cc from file:///C:/ProgramData/cocos/editors/Creator/3.8.7/resources/resources/3d/engine/editor/assets/default_renderpipeline/builtin-pipeline-settings.ts as cce:/internal/x/cc.
10:41:20.576 debug: Resolve cc/env from file:///C:/ProgramData/cocos/editors/Creator/3.8.7/resources/resources/3d/engine/editor/assets/default_renderpipeline/builtin-pipeline-settings.ts as external dependency cc/env.
10:41:20.577 debug: Resolve ./builtin-pipeline-types from file:///C:/ProgramData/cocos/editors/Creator/3.8.7/resources/resources/3d/engine/editor/assets/default_renderpipeline/builtin-pipeline-settings.ts as file:///C:/ProgramData/cocos/editors/Creator/3.8.7/resources/resources/3d/engine/editor/assets/default_renderpipeline/builtin-pipeline-types.ts.
10:41:20.577 debug: Resolve cc from file:///C:/ProgramData/cocos/editors/Creator/3.8.7/resources/resources/3d/engine/editor/assets/default_renderpipeline/builtin-pipeline-types.ts as cce:/internal/x/cc.
10:41:20.577 debug: Resolve cc from file:///C:/ProgramData/cocos/editors/Creator/3.8.7/resources/resources/3d/engine/editor/assets/default_renderpipeline/builtin-pipeline-types.ts as cce:/internal/x/cc.
10:41:20.577 debug: Resolve cc from file:///C:/ProgramData/cocos/editors/Creator/3.8.7/resources/resources/3d/engine/editor/assets/default_renderpipeline/builtin-pipeline-types.ts as cce:/internal/x/cc.
10:41:20.577 debug: Resolve cce:/internal/code-quality/cr.mjs from file:///C:/ProgramData/cocos/editors/Creator/3.8.7/resources/resources/3d/engine/editor/assets/default_renderpipeline/builtin-pipeline-pass.ts as cce:/internal/code-quality/cr.mjs.
10:41:20.577 debug: Resolve cc from file:///C:/ProgramData/cocos/editors/Creator/3.8.7/resources/resources/3d/engine/editor/assets/default_renderpipeline/builtin-pipeline-pass.ts as cce:/internal/x/cc.
10:41:20.577 debug: Resolve cc from file:///C:/ProgramData/cocos/editors/Creator/3.8.7/resources/resources/3d/engine/editor/assets/default_renderpipeline/builtin-pipeline-pass.ts as cce:/internal/x/cc.
10:41:20.577 debug: Resolve cc from file:///C:/ProgramData/cocos/editors/Creator/3.8.7/resources/resources/3d/engine/editor/assets/default_renderpipeline/builtin-pipeline-pass.ts as cce:/internal/x/cc.
10:41:20.578 debug: Resolve ./builtin-pipeline-settings from file:///C:/ProgramData/cocos/editors/Creator/3.8.7/resources/resources/3d/engine/editor/assets/default_renderpipeline/builtin-pipeline-pass.ts as file:///C:/ProgramData/cocos/editors/Creator/3.8.7/resources/resources/3d/engine/editor/assets/default_renderpipeline/builtin-pipeline-settings.ts.
10:41:20.578 debug: Resolve cc/env from file:///C:/ProgramData/cocos/editors/Creator/3.8.7/resources/resources/3d/engine/editor/assets/default_renderpipeline/builtin-pipeline-pass.ts as external dependency cc/env.
10:41:20.578 debug: Resolve cce:/internal/code-quality/cr.mjs from file:///C:/ProgramData/cocos/editors/Creator/3.8.7/resources/resources/3d/engine/editor/assets/default_renderpipeline/builtin-pipeline.ts as cce:/internal/code-quality/cr.mjs.
10:41:20.578 debug: Resolve cc from file:///C:/ProgramData/cocos/editors/Creator/3.8.7/resources/resources/3d/engine/editor/assets/default_renderpipeline/builtin-pipeline.ts as cce:/internal/x/cc.
10:41:20.578 debug: Resolve cc from file:///C:/ProgramData/cocos/editors/Creator/3.8.7/resources/resources/3d/engine/editor/assets/default_renderpipeline/builtin-pipeline.ts as cce:/internal/x/cc.
10:41:20.578 debug: Resolve cc from file:///C:/ProgramData/cocos/editors/Creator/3.8.7/resources/resources/3d/engine/editor/assets/default_renderpipeline/builtin-pipeline.ts as cce:/internal/x/cc.
10:41:20.578 debug: Resolve cc/env from file:///C:/ProgramData/cocos/editors/Creator/3.8.7/resources/resources/3d/engine/editor/assets/default_renderpipeline/builtin-pipeline.ts as external dependency cc/env.
10:41:20.579 debug: Resolve ./builtin-pipeline-types from file:///C:/ProgramData/cocos/editors/Creator/3.8.7/resources/resources/3d/engine/editor/assets/default_renderpipeline/builtin-pipeline.ts as file:///C:/ProgramData/cocos/editors/Creator/3.8.7/resources/resources/3d/engine/editor/assets/default_renderpipeline/builtin-pipeline-types.ts.
10:41:20.579 debug: Resolve cc from file:///C:/ProgramData/cocos/editors/Creator/3.8.7/resources/resources/3d/engine/editor/assets/tools/debug-view-runtime-control.ts as cce:/internal/x/cc.
10:41:20.579 debug: Resolve cc from file:///C:/ProgramData/cocos/editors/Creator/3.8.7/resources/resources/3d/engine/editor/assets/tools/debug-view-runtime-control.ts as cce:/internal/x/cc.
10:41:20.579 debug: Resolve cc from file:///C:/ProgramData/cocos/editors/Creator/3.8.7/resources/resources/3d/engine/editor/assets/tools/debug-view-runtime-control.ts as cce:/internal/x/cc.
10:41:20.588 debug: Target(preview) ends with cost 826.9472999999998ms.
